SQL> 
SQL> SELECT GRANTEE, PRIVILEGE
  2  FROM DBA_TAB_PRIVS
  3  WHERE TABLE_NAME='USER$'
  4  AND GRANTEE NOT IN ('CTXSYS','XDB','APEX_030200',
  5  'APEX_040000','APEX_040100','APEX_040200','DV_SECANALYST','DVSYS','ORACLE_OCM');

GRANTEE                                                                         
--------------------------------------------------------------------------------
PRIVILEGE                                                                       
----------------------------------------                                        
VINAY                                                                           
ALTER                                                                           
                                                                                
VINAY                                                                           
DELETE                                                                          
                                                                                
VINAY                                                                           
INDEX                                                                           
                                                                                

GRANTEE                                                                         
--------------------------------------------------------------------------------
PRIVILEGE                                                                       
----------------------------------------                                        
VINAY                                                                           
INSERT                                                                          
                                                                                
VINAY                                                                           
SELECT                                                                          
                                                                                
VINAY                                                                           
UPDATE                                                                          
                                                                                

GRANTEE                                                                         
--------------------------------------------------------------------------------
PRIVILEGE                                                                       
----------------------------------------                                        
VINAY                                                                           
REFERENCES                                                                      
                                                                                
VINAY                                                                           
READ                                                                            
                                                                                
VINAY                                                                           
ON COMMIT REFRESH                                                               
                                                                                

GRANTEE                                                                         
--------------------------------------------------------------------------------
PRIVILEGE                                                                       
----------------------------------------                                        
VINAY                                                                           
QUERY REWRITE                                                                   
                                                                                
VINAY                                                                           
DEBUG                                                                           
                                                                                
VINAY                                                                           
FLASHBACK                                                                       
                                                                                

GRANTEE                                                                         
--------------------------------------------------------------------------------
PRIVILEGE                                                                       
----------------------------------------                                        
INTELLECTCARDS                                                                  
ALTER                                                                           
                                                                                
INTELLECTCARDS                                                                  
DELETE                                                                          
                                                                                
INTELLECTCARDS                                                                  
INDEX                                                                           
                                                                                

GRANTEE                                                                         
--------------------------------------------------------------------------------
PRIVILEGE                                                                       
----------------------------------------                                        
INTELLECTCARDS                                                                  
INSERT                                                                          
                                                                                
INTELLECTCARDS                                                                  
SELECT                                                                          
                                                                                
INTELLECTCARDS                                                                  
UPDATE                                                                          
                                                                                

GRANTEE                                                                         
--------------------------------------------------------------------------------
PRIVILEGE                                                                       
----------------------------------------                                        
INTELLECTCARDS                                                                  
REFERENCES                                                                      
                                                                                
INTELLECTCARDS                                                                  
READ                                                                            
                                                                                
INTELLECTCARDS                                                                  
ON COMMIT REFRESH                                                               
                                                                                

GRANTEE                                                                         
--------------------------------------------------------------------------------
PRIVILEGE                                                                       
----------------------------------------                                        
INTELLECTCARDS                                                                  
QUERY REWRITE                                                                   
                                                                                
INTELLECTCARDS                                                                  
DEBUG                                                                           
                                                                                
INTELLECTCARDS                                                                  
FLASHBACK                                                                       
                                                                                

GRANTEE                                                                         
--------------------------------------------------------------------------------
PRIVILEGE                                                                       
----------------------------------------                                        
CARDS_FIN                                                                       
ALTER                                                                           
                                                                                
CARDS_FIN                                                                       
DELETE                                                                          
                                                                                
CARDS_FIN                                                                       
INDEX                                                                           
                                                                                

GRANTEE                                                                         
--------------------------------------------------------------------------------
PRIVILEGE                                                                       
----------------------------------------                                        
CARDS_FIN                                                                       
INSERT                                                                          
                                                                                
CARDS_FIN                                                                       
SELECT                                                                          
                                                                                
CARDS_FIN                                                                       
UPDATE                                                                          
                                                                                

GRANTEE                                                                         
--------------------------------------------------------------------------------
PRIVILEGE                                                                       
----------------------------------------                                        
CARDS_FIN                                                                       
REFERENCES                                                                      
                                                                                
CARDS_FIN                                                                       
READ                                                                            
                                                                                
CARDS_FIN                                                                       
ON COMMIT REFRESH                                                               
                                                                                

GRANTEE                                                                         
--------------------------------------------------------------------------------
PRIVILEGE                                                                       
----------------------------------------                                        
CARDS_FIN                                                                       
QUERY REWRITE                                                                   
                                                                                
CARDS_FIN                                                                       
DEBUG                                                                           
                                                                                
CARDS_FIN                                                                       
FLASHBACK                                                                       
                                                                                

36 rows selected.

SQL> 
SQL> spool off
