SQL> 
SQL> SELECT *
  2  FROM DBA_OBJ_AUDIT_OPTS
  3  WHERE OBJECT_NAME='AUD$'
  4  AND ALT='A/A'
  5  AND AUD='A/A'
  6  AND COM='A/A'
  7  AND DEL='A/A'
  8  AND GRA='A/A'
  9  AND IND='A/A'
 10  AND INS='A/A'
 11  AND LOC='A/A'
 12  AND REN='A/A'
 13  AND SEL='A/A'
 14  AND UPD='A/A'
 15  AND FBK='A/A';

OWNER                                                                           
--------------------------------------------------------------------------------
OBJECT_NAME                                                                     
--------------------------------------------------------------------------------
OBJECT_TYPE             ALT       AUD       COM       DEL       GRA             
----------------------- --------- --------- --------- --------- ---------       
IND       INS       LOC       REN       SEL       UPD       EXE       CRE       
--------- --------- --------- --------- --------- --------- --------- --------- 
REA       WRI       FBK                                                         
--------- --------- ---------                                                   
SYS                                                                             
AUD$                                                                            
TABLE                   A/A       A/A       A/A       A/A       A/A             

OWNER                                                                           
--------------------------------------------------------------------------------
OBJECT_NAME                                                                     
--------------------------------------------------------------------------------
OBJECT_TYPE             ALT       AUD       COM       DEL       GRA             
----------------------- --------- --------- --------- --------- ---------       
IND       INS       LOC       REN       SEL       UPD       EXE       CRE       
--------- --------- --------- --------- --------- --------- --------- --------- 
REA       WRI       FBK                                                         
--------- --------- ---------                                                   
A/A       A/A       A/A       A/A       A/A       A/A       -/-       A/A       
-/-       -/-       A/A                                                         
                                                                                

SQL> 
SQL> spool off
