SQL> 
SQL> SELECT * FROM DBA_TAB_PRIVS
  2  WHERE TABLE_NAME LIKE 'DBA_%'
  3  and GRANTEE NOT IN ('APEX_030200','APPQOSSYS','AQ_ADMINISTRATOR_ROLE','CTXSYS',
  4  'EXFSYS','MDSYS','OLAP_XS_ADMIN','OLAPSYS','ORDSYS','OWB$CLIENT','OWBSYS',
  5  'SELECT_CATALOG_ROLE','WM_ADMIN_ROLE','WMSYS','XDBADMIN','LBACSYS',
  6  'ADM_PARALLEL_EXECUTE_TASK','CISSCANROLE','APEX_040200','SYSKM','ORACLE_OCM',
  7  'DVSYS','GSMADMIN_INTERNAL','XDB','SYSDG','SYS','AUDIT_ADMIN', 'AUDIT_VIEWER',
  8  'CAPTURE_ADMIN', 'DBA', 'DV_ACCTMGR', 'DV_MONITOR', 'DV_SECANALYST');

GRANTEE                                                                         
--------------------------------------------------------------------------------
OWNER                                                                           
--------------------------------------------------------------------------------
TABLE_NAME                                                                      
--------------------------------------------------------------------------------
GRANTOR                                                                         
--------------------------------------------------------------------------------
PRIVILEGE                                GRA HIE COM TYPE                       
---------------------------------------- --- --- --- ------------------------   
INH                                                                             
---                                                                             
VRDB008                                                                         

GRANTEE                                                                         
--------------------------------------------------------------------------------
OWNER                                                                           
--------------------------------------------------------------------------------
TABLE_NAME                                                                      
--------------------------------------------------------------------------------
GRANTOR                                                                         
--------------------------------------------------------------------------------
PRIVILEGE                                GRA HIE COM TYPE                       
---------------------------------------- --- --- --- ------------------------   
INH                                                                             
---                                                                             
DVSYS                                                                           

GRANTEE                                                                         
--------------------------------------------------------------------------------
OWNER                                                                           
--------------------------------------------------------------------------------
TABLE_NAME                                                                      
--------------------------------------------------------------------------------
GRANTOR                                                                         
--------------------------------------------------------------------------------
PRIVILEGE                                GRA HIE COM TYPE                       
---------------------------------------- --- --- --- ------------------------   
INH                                                                             
---                                                                             
DBA_DV_STATUS                                                                   

GRANTEE                                                                         
--------------------------------------------------------------------------------
OWNER                                                                           
--------------------------------------------------------------------------------
TABLE_NAME                                                                      
--------------------------------------------------------------------------------
GRANTOR                                                                         
--------------------------------------------------------------------------------
PRIVILEGE                                GRA HIE COM TYPE                       
---------------------------------------- --- --- --- ------------------------   
INH                                                                             
---                                                                             
DVSYS                                                                           

GRANTEE                                                                         
--------------------------------------------------------------------------------
OWNER                                                                           
--------------------------------------------------------------------------------
TABLE_NAME                                                                      
--------------------------------------------------------------------------------
GRANTOR                                                                         
--------------------------------------------------------------------------------
PRIVILEGE                                GRA HIE COM TYPE                       
---------------------------------------- --- --- --- ------------------------   
INH                                                                             
---                                                                             
SELECT                                   NO  NO  NO  VIEW                       

GRANTEE                                                                         
--------------------------------------------------------------------------------
OWNER                                                                           
--------------------------------------------------------------------------------
TABLE_NAME                                                                      
--------------------------------------------------------------------------------
GRANTOR                                                                         
--------------------------------------------------------------------------------
PRIVILEGE                                GRA HIE COM TYPE                       
---------------------------------------- --- --- --- ------------------------   
INH                                                                             
---                                                                             
NO                                                                              

GRANTEE                                                                         
--------------------------------------------------------------------------------
OWNER                                                                           
--------------------------------------------------------------------------------
TABLE_NAME                                                                      
--------------------------------------------------------------------------------
GRANTOR                                                                         
--------------------------------------------------------------------------------
PRIVILEGE                                GRA HIE COM TYPE                       
---------------------------------------- --- --- --- ------------------------   
INH                                                                             
---                                                                             
                                                                                

GRANTEE                                                                         
--------------------------------------------------------------------------------
OWNER                                                                           
--------------------------------------------------------------------------------
TABLE_NAME                                                                      
--------------------------------------------------------------------------------
GRANTOR                                                                         
--------------------------------------------------------------------------------
PRIVILEGE                                GRA HIE COM TYPE                       
---------------------------------------- --- --- --- ------------------------   
INH                                                                             
---                                                                             
VRDB009                                                                         

GRANTEE                                                                         
--------------------------------------------------------------------------------
OWNER                                                                           
--------------------------------------------------------------------------------
TABLE_NAME                                                                      
--------------------------------------------------------------------------------
GRANTOR                                                                         
--------------------------------------------------------------------------------
PRIVILEGE                                GRA HIE COM TYPE                       
---------------------------------------- --- --- --- ------------------------   
INH                                                                             
---                                                                             
DVSYS                                                                           

GRANTEE                                                                         
--------------------------------------------------------------------------------
OWNER                                                                           
--------------------------------------------------------------------------------
TABLE_NAME                                                                      
--------------------------------------------------------------------------------
GRANTOR                                                                         
--------------------------------------------------------------------------------
PRIVILEGE                                GRA HIE COM TYPE                       
---------------------------------------- --- --- --- ------------------------   
INH                                                                             
---                                                                             
DBA_DV_STATUS                                                                   

GRANTEE                                                                         
--------------------------------------------------------------------------------
OWNER                                                                           
--------------------------------------------------------------------------------
TABLE_NAME                                                                      
--------------------------------------------------------------------------------
GRANTOR                                                                         
--------------------------------------------------------------------------------
PRIVILEGE                                GRA HIE COM TYPE                       
---------------------------------------- --- --- --- ------------------------   
INH                                                                             
---                                                                             
DVSYS                                                                           

GRANTEE                                                                         
--------------------------------------------------------------------------------
OWNER                                                                           
--------------------------------------------------------------------------------
TABLE_NAME                                                                      
--------------------------------------------------------------------------------
GRANTOR                                                                         
--------------------------------------------------------------------------------
PRIVILEGE                                GRA HIE COM TYPE                       
---------------------------------------- --- --- --- ------------------------   
INH                                                                             
---                                                                             
SELECT                                   NO  NO  NO  VIEW                       

GRANTEE                                                                         
--------------------------------------------------------------------------------
OWNER                                                                           
--------------------------------------------------------------------------------
TABLE_NAME                                                                      
--------------------------------------------------------------------------------
GRANTOR                                                                         
--------------------------------------------------------------------------------
PRIVILEGE                                GRA HIE COM TYPE                       
---------------------------------------- --- --- --- ------------------------   
INH                                                                             
---                                                                             
NO                                                                              

GRANTEE                                                                         
--------------------------------------------------------------------------------
OWNER                                                                           
--------------------------------------------------------------------------------
TABLE_NAME                                                                      
--------------------------------------------------------------------------------
GRANTOR                                                                         
--------------------------------------------------------------------------------
PRIVILEGE                                GRA HIE COM TYPE                       
---------------------------------------- --- --- --- ------------------------   
INH                                                                             
---                                                                             
                                                                                

SQL> 
SQL> spool off
