****************************************************************************************

  1. Patching Information 


Local Machine Information::
Hostname: vr-mig-01
ARU platform id: 226
ARU platform description:: Linux x86-64

Installed Top-level Products (1): 

Oracle Database 19c                                                  19.0.0.0.0
There are 1 products installed in this Oracle Home.


Interim patches (3) :

Patch  31219897     : applied on Fri Aug 28 02:02:18 IST 2020
Unique Patch ID:  23619699
Patch description:  "OJVM RELEASE UPDATE: 19.8.0.0.200714 (31219897)"
   Created on 8 Jul 2020, 01:57:16 hrs PST8PDT
   Bugs fixed:
     29540327, 29254623, 29445548, 29774362, 30134746, 30160625, 29942275
     30534662, 29512125, 30855101, 31306261, 31359215

Patch  31305087     : applied on Fri Aug 28 00:44:16 IST 2020
Unique Patch ID:  23640701
Patch description:  "OCW RELEASE UPDATE 19.8.0.0.0 (31305087)"
   Created on 25 Jun 2020, 11:36:08 hrs PST8PDT
   Bugs fixed:
     17787434, 25736599, 26675491, 26813848, 27092095, 27148384, 27222128
     27262781, 27505699, 27526265, 27572040, 27604329, 27663388, 27760043
     27877830, 28302439, 28302580, 28319989, 28336118, 28344129, 28406406
     28441307, 28462255, 28470673, 28554809, 28567875, 28621543, 28628631
     28642469, 28697242, 28697896, 28699321, 28704073, 28710663, 28723237
     28747089, 28755846, 28762163, 28772816, 28785321, 28790623, 28800508
     28805158, 28805475, 28808652, 28814106, 28815557, 28834364, 28834743
     28847541, 28847572, 28847655, 28852065, 28865162, 28870111, 28870496
     28871040, 28874416, 28874529, 28874678, 28877252, 28881191, 28881848


 1. Patching Information - AS PER CIS STANDARDS

*************************** End of this module 1.1 check....***************************
*********************************************************************************
