SQL> 
SQL> SELECT PROFILE, RESOURCE_NAME, LIMIT
  2  FROM DBA_PROFILES
  3  WHERE PROFILE= 'DEFAULT' AND RESOURCE_NAME='PASSWORD_REUSE_MAX'
  4  AND
  5  (
  6  LIMIT = 'DEFAULT'
  7  OR LIMIT = 'UNLIMITED'
  8  OR LIMIT <= 20
  9  );

PROFILE                                                                         
--------------------------------------------------------------------------------
RESOURCE_NAME                                                                   
--------------------------------                                                
LIMIT                                                                           
--------------------------------------------------------------------------------
DEFAULT                                                                         
PASSWORD_REUSE_MAX                                                              
10                                                                              
                                                                                

SQL> 
SQL> spool off

 3.4 Ensure PASSWORD_REUSE_MAX Is Greater than or Equal to 20 - AS PER CIS STANDARDS 

*************************** End of this module 3.4 check ***************************
*********************************************************************************
