GRANT   ON EDITION "SYS"."ORA$BASE" TO VRDB007
        *
ERROR at line 1:
ORA-00990: missing or invalid privilege 


GRANT   ,DELETE ON TABLE "XDB"."XDB$TSETMAP" TO VRDB007
        *
ERROR at line 1:
ORA-00990: missing or invalid privilege 


GRANT   ALL ON TABLE "XDB"."X$PT46MP5MDR0M04NE0KWN0SK0K1LN" TO VRDB007
               *
ERROR at line 1:
ORA-00903: invalid table name 


GRANT   ALL ON TABLE "XDB"."XDB$ACL" TO VRDB007
               *
ERROR at line 1:
ORA-00903: invalid table name 


GRANT   ALL ON TABLE "XDB"."XDB$CHECKOUTS" TO VRDB007
               *
ERROR at line 1:
ORA-00903: invalid table name 


GRANT   ALL ON TABLE "XDB"."XDB$CONFIG" TO VRDB007
               *
ERROR at line 1:
ORA-00903: invalid table name 


GRANT   ALL ON TABLE "XDB"."XDB$D_LINK" TO VRDB007
               *
ERROR at line 1:
ORA-00903: invalid table name 


GRANT   ALL ON TABLE "XDB"."XDB$H_INDEX" TO VRDB007
               *
ERROR at line 1:
ORA-00903: invalid table name 


GRANT   ALL ON TABLE "XDB"."XDB$H_LINK" TO VRDB007
               *
ERROR at line 1:
ORA-00903: invalid table name 


GRANT   ALL ON TABLE "XDB"."XDB$NLOCKS" TO VRDB007
               *
ERROR at line 1:
ORA-00903: invalid table name 


GRANT   ALL ON TABLE "XDB"."XDB$RESCONFIG" TO VRDB007
               *
ERROR at line 1:
ORA-00903: invalid table name 


GRANT   ALL ON TABLE "XDB"."XDB$RESOURCE" TO VRDB007
               *
ERROR at line 1:
ORA-00903: invalid table name 


GRANT   EXECUTE ONON "SYS"."SYS_GROUP" TO VRDB007
        *
ERROR at line 1:
ORA-00990: missing or invalid privilege 



Grant succeeded.


Grant succeeded.


Grant succeeded.


Grant succeeded.


Grant succeeded.


Grant succeeded.


Grant succeeded.


Grant succeeded.


Grant succeeded.


Grant succeeded.


Grant succeeded.


Grant succeeded.


Grant succeeded.


Grant succeeded.


Grant succeeded.


Grant succeeded.


Grant succeeded.


Grant succeeded.


Grant succeeded.


Grant succeeded.


Grant succeeded.


Grant succeeded.


Grant succeeded.


Grant succeeded.


Grant succeeded.


Grant succeeded.


Grant succeeded.


Grant succeeded.


Grant succeeded.


Grant succeeded.


Grant succeeded.


Grant succeeded.


Grant succeeded.


Grant succeeded.


Grant succeeded.


Grant succeeded.

